# JRE version: Java(TM) SE Runtime Environment (8.0_91-b14) (build 1.8.0_91-b14)
# Java VM: Java HotSpot(TM) 64-Bit Server VM (25.91-b14 mixed mode linux-amd64 compressed oops)
Heap:
 PSYoungGen      total 5051392K, used 28068K [0x000000066ab00000, 0x00000007a3700000, 0x00000007c0000000)
  eden space 4988928K, 0% used [0x000000066ab00000,0x000000066ab00000,0x000000079b300000)
  from space 62464K, 44% used [0x000000079bd00000,0x000000079d869328,0x000000079fa00000)
  to   space 4096K, 0% used [0x00000007a3300000,0x00000007a3300000,0x00000007a3700000)
 ParOldGen       total 473088K, used 224525K [0x00000003c0000000, 0x00000003dce00000, 0x000000066ab00000)
  object space 473088K, 47% used [0x00000003c0000000,0x00000003cdb43690,0x00000003dce00000)
 Metaspace       used 19381K, capacity 19709K, committed 19840K, reserved 1067008K
  class space    used 2026K, capacity 2082K, committed 2176K, reserved 1048576K
GC Heap History (10 events):
Event: 80,027 GC heap after
Heap after GC invocations=43 (full 4):
 PSYoungGen      total 3935744K, used 54224K [0x000000066ab00000, 0x0000000782d00000, 0x00000007c0000000)
  eden space 3877888K, 0% used [0x000000066ab00000,0x000000066ab00000,0x0000000757600000)
  from space 57856K, 93% used [0x0000000757600000,0x000000075aaf4238,0x000000075ae80000)
  to   space 65536K, 0% used [0x000000077ed00000,0x000000077ed00000,0x0000000782d00000)
 ParOldGen       total 346112K, used 274627K [0x00000003c0000000, 0x00000003d5200000, 0x000000066ab00000)
  object space 346112K, 79% used [0x00000003c0000000,0x00000003d0c30fb8,0x00000003d5200000)
 Metaspace       used 17496K, capacity 17766K, committed 17920K, reserved 1064960K
  class space    used 1926K, capacity 2009K, committed 2048K, reserved 1048576K
}
Event: 91,190 GC heap before
{Heap before GC invocations=44 (full 4):
 PSYoungGen      total 3935744K, used 3932112K [0x000000066ab00000, 0x0000000782d00000, 0x00000007c0000000)
  eden space 3877888K, 100% used [0x000000066ab00000,0x0000000757600000,0x0000000757600000)
  from space 57856K, 93% used [0x0000000757600000,0x000000075aaf4238,0x000000075ae80000)
  to   space 65536K, 0% used [0x000000077ed00000,0x000000077ed00000,0x0000000782d00000)
 ParOldGen       total 346112K, used 274627K [0x00000003c0000000, 0x00000003d5200000, 0x000000066ab00000)
  object space 346112K, 79% used [0x00000003c0000000,0x00000003d0c30fb8,0x00000003d5200000)
 Metaspace       used 17496K, capacity 17766K, committed 17920K, reserved 1064960K
  class space    used 1926K, capacity 2009K, committed 2048K, reserved 1048576K
Event: 100,278 GC heap after
Heap after GC invocations=44 (full 4):
 PSYoungGen      total 4523520K, used 2156K [0x000000066ab00000, 0x000000078d980000, 0x00000007c0000000)
  eden space 4457984K, 0% used [0x000000066ab00000,0x000000066ab00000,0x000000077ac80000)
  from space 65536K, 3% used [0x000000077ed00000,0x000000077ef1b0a0,0x0000000782d00000)
  to   space 66048K, 0% used [0x000000077ac80000,0x000000077ac80000,0x000000077ed00000)
 ParOldGen       total 495616K, used 423803K [0x00000003c0000000, 0x00000003de400000, 0x000000066ab00000)
  object space 495616K, 85% used [0x00000003c0000000,0x00000003d9ddef88,0x00000003de400000)
 Metaspace       used 17496K, capacity 17766K, committed 17920K, reserved 1064960K
  class space    used 1926K, capacity 2009K, committed 2048K, reserved 1048576K
}
Event: 100,318 GC heap before
{Heap before GC invocations=45 (full 5):
 PSYoungGen      total 4523520K, used 2156K [0x000000066ab00000, 0x000000078d980000, 0x00000007c0000000)
  eden space 4457984K, 0% used [0x000000066ab00000,0x000000066ab00000,0x000000077ac80000)
  from space 65536K, 3% used [0x000000077ed00000,0x000000077ef1b0a0,0x0000000782d00000)
  to   space 66048K, 0% used [0x000000077ac80000,0x000000077ac80000,0x000000077ed00000)
 ParOldGen       total 495616K, used 423803K [0x00000003c0000000, 0x00000003de400000, 0x000000066ab00000)
  object space 495616K, 85% used [0x00000003c0000000,0x00000003d9ddef88,0x00000003de400000)
 Metaspace       used 17496K, capacity 17766K, committed 17920K, reserved 1064960K
  class space    used 1926K, capacity 2009K, committed 2048K, reserved 1048576K
Event: 120,612 GC heap after
Heap after GC invocations=45 (full 5):
 PSYoungGen      total 4523520K, used 0K [0x000000066ab00000, 0x000000078d980000, 0x00000007c0000000)
  eden space 4457984K, 0% used [0x000000066ab00000,0x000000066ab00000,0x000000077ac80000)
  from space 65536K, 0% used [0x000000077ed00000,0x000000077ed00000,0x0000000782d00000)
  to   space 66048K, 0% used [0x000000077ac80000,0x000000077ac80000,0x000000077ed00000)
 ParOldGen       total 473088K, used 224501K [0x00000003c0000000, 0x00000003dce00000, 0x000000066ab00000)
  object space 473088K, 47% used [0x00000003c0000000,0x00000003cdb3d690,0x00000003dce00000)
 Metaspace       used 17496K, capacity 17766K, committed 17920K, reserved 1064960K
  class space    used 1926K, capacity 2009K, committed 2048K, reserved 1048576K
}
Event: 148,017 GC heap before
{Heap before GC invocations=46 (full 5):
 PSYoungGen      total 4523520K, used 4457984K [0x000000066ab00000, 0x000000078d980000, 0x00000007c0000000)
  eden space 4457984K, 100% used [0x000000066ab00000,0x000000077ac80000,0x000000077ac80000)
  from space 65536K, 0% used [0x000000077ed00000,0x000000077ed00000,0x0000000782d00000)
  to   space 66048K, 0% used [0x000000077ac80000,0x000000077ac80000,0x000000077ed00000)
 ParOldGen       total 473088K, used 224501K [0x00000003c0000000, 0x00000003dce00000, 0x000000066ab00000)
  object space 473088K, 47% used [0x00000003c0000000,0x00000003cdb3d690,0x00000003dce00000)
 Metaspace       used 17511K, capacity 17766K, committed 17920K, reserved 1064960K
  class space    used 1926K, capacity 2009K, committed 2048K, reserved 1048576K
Event: 153,783 GC heap after
Heap after GC invocations=46 (full 5):
 PSYoungGen      total 4524032K, used 21800K [0x000000066ab00000, 0x00000007a7000000, 0x00000007c0000000)
  eden space 4457984K, 0% used [0x000000066ab00000,0x000000066ab00000,0x000000077ac80000)
  from space 66048K, 33% used [0x000000077ac80000,0x000000077c1ca310,0x000000077ed00000)
  to   space 62464K, 0% used [0x00000007a3300000,0x00000007a3300000,0x00000007a7000000)
 ParOldGen       total 473088K, used 224509K [0x00000003c0000000, 0x00000003dce00000, 0x000000066ab00000)
  object space 473088K, 47% used [0x00000003c0000000,0x00000003cdb3f690,0x00000003dce00000)
 Metaspace       used 17511K, capacity 17766K, committed 17920K, reserved 1064960K
  class space    used 1926K, capacity 2009K, committed 2048K, reserved 1048576K
}
Event: 382,394 GC heap before
{Heap before GC invocations=47 (full 5):
 PSYoungGen      total 4524032K, used 4479784K [0x000000066ab00000, 0x00000007a7000000, 0x00000007c0000000)
  eden space 4457984K, 100% used [0x000000066ab00000,0x000000077ac80000,0x000000077ac80000)
  from space 66048K, 33% used [0x000000077ac80000,0x000000077c1ca310,0x000000077ed00000)
  to   space 62464K, 0% used [0x00000007a3300000,0x00000007a3300000,0x00000007a7000000)
 ParOldGen       total 473088K, used 224509K [0x00000003c0000000, 0x00000003dce00000, 0x000000066ab00000)
  object space 473088K, 47% used [0x00000003c0000000,0x00000003cdb3f690,0x00000003dce00000)
 Metaspace       used 18906K, capacity 19185K, committed 19328K, reserved 1067008K
  class space    used 2020K, capacity 2082K, committed 2176K, reserved 1048576K
Event: 382,604 GC heap after
Heap after GC invocations=47 (full 5):
 PSYoungGen      total 4993024K, used 3614K [0x000000066ab00000, 0x00000007a3700000, 0x00000007c0000000)
  eden space 4988928K, 0% used [0x000000066ab00000,0x000000066ab00000,0x000000079b300000)
  from space 4096K, 88% used [0x00000007a3300000,0x00000007a3687970,0x00000007a3700000)
  to   space 62464K, 0% used [0x000000079bd00000,0x000000079bd00000,0x000000079fa00000)
 ParOldGen       total 473088K, used 224517K [0x00000003c0000000, 0x00000003dce00000, 0x000000066ab00000)
  object space 473088K, 47% used [0x00000003c0000000,0x00000003cdb41690,0x00000003dce00000)
 Metaspace       used 18906K, capacity 19185K, committed 19328K, reserved 1067008K
  class space    used 2020K, capacity 2082K, committed 2176K, reserved 1048576K
}
Event: 561,795 GC heap before
{Heap before GC invocations=48 (full 5):
 PSYoungGen      total 4993024K, used 4992542K [0x000000066ab00000, 0x00000007a3700000, 0x00000007c0000000)
  eden space 4988928K, 100% used [0x000000066ab00000,0x000000079b300000,0x000000079b300000)
  from space 4096K, 88% used [0x00000007a3300000,0x00000007a3687970,0x00000007a3700000)
  to   space 62464K, 0% used [0x000000079bd00000,0x000000079bd00000,0x000000079fa00000)
 ParOldGen       total 473088K, used 224517K [0x00000003c0000000, 0x00000003dce00000, 0x000000066ab00000)
  object space 473088K, 47% used [0x00000003c0000000,0x00000003cdb41690,0x00000003dce00000)
 Metaspace       used 19381K, capacity 19709K, committed 19840K, reserved 1067008K
  class space    used 2026K, capacity 2082K, committed 2176K, reserved 1048576K

